<?xml version="1.0" encoding="UTF-8"?>
<!-- Generated by org.testng.reporters.JUnitXMLReporter -->
<testsuite hostname="HP" name="Test" tests="2" failures="2" timestamp="13 Sep 2021 08:07:47 GMT" time="83.303" errors="0">
  <testcase name="addCart2" time="82.741" classname="com.practice.appium.GeneralStoreAddCartValidt2">
    <failure type="org.openqa.selenium.StaleElementReferenceException" message="The element &amp;apos;By.xpath: //android.widget.TextView[@text=&amp;apos;$160.97&amp;apos;]&amp;apos; does not exist in DOM anymore (WARNING: The server did not provide any stacktrace information)
Command duration or timeout: 656 milliseconds
For documentation on this error, please visit: http://seleniumhq.org/exceptions/stale_element_reference.html
Build info: version: &amp;apos;2.53.1&amp;apos;, revision: &amp;apos;a36b8b1cd5757287168e54b817830adce9b0158d&amp;apos;, time: &amp;apos;2016-06-30 19:26:09&amp;apos;
System info: host: &amp;apos;HP&amp;apos;, ip: &amp;apos;192.168.43.245&amp;apos;, os.name: &amp;apos;Windows 10&amp;apos;, os.arch: &amp;apos;amd64&amp;apos;, os.version: &amp;apos;10.0&amp;apos;, java.version: &amp;apos;1.8.0_281&amp;apos;
Driver info: io.appium.java_client.android.AndroidDriver
Capabilities [{appPackage=com.androidsample.generalstore, statBarHeight=56, noReset=true, viewportRect={top=56, left=0, width=720, height=1351}, deviceName=GAPBB6F68TOR4DIZ, UDID=GAPBB6F68TOR4DIZ, platform=LINUX, deviceUDID=GAPBB6F68TOR4DIZ, desired={appPackage=com.androidsample.generalstore, appActivity=.SplashActivity, noReset=true, platformVersion=9, automationName=Appium, platformName=Android, deviceName=vivo 1902, UDID=GAPBB6F68TOR4DIZ}, platformVersion=9, webStorageEnabled=false, automationName=Appium, takesScreenshot=true, javascriptEnabled=true, platformName=Android, deviceApiLevel=28, deviceManufacturer=vivo, deviceScreenSize=720x1544, networkConnectionEnabled=true, warnings={}, databaseEnabled=false, appActivity=.SplashActivity, pixelRatio=2, locationContextEnabled=false, deviceScreenDensity=320, deviceModel=vivo 1902}]
Session ID: 9cb7014d-9e0b-4731-809c-dfde8450c4ef">
      <![CDATA[org.openqa.selenium.StaleElementReferenceException: The element 'By.xpath: //android.widget.TextView[@text='$160.97']' does not exist in DOM anymore (WARNING: The server did not provide any stacktrace information)
Command duration or timeout: 656 milliseconds
For documentation on this error, please visit: http://seleniumhq.org/exceptions/stale_element_reference.html
Build info: version: '2.53.1', revision: 'a36b8b1cd5757287168e54b817830adce9b0158d', time: '2016-06-30 19:26:09'
System info: host: 'HP', ip: '192.168.43.245', os.name: 'Windows 10', os.arch: 'amd64', os.version: '10.0', java.version: '1.8.0_281'
Driver info: io.appium.java_client.android.AndroidDriver
Capabilities [{appPackage=com.androidsample.generalstore, statBarHeight=56, noReset=true, viewportRect={top=56, left=0, width=720, height=1351}, deviceName=GAPBB6F68TOR4DIZ, UDID=GAPBB6F68TOR4DIZ, platform=LINUX, deviceUDID=GAPBB6F68TOR4DIZ, desired={appPackage=com.androidsample.generalstore, appActivity=.SplashActivity, noReset=true, platformVersion=9, automationName=Appium, platformName=Android, deviceName=vivo 1902, UDID=GAPBB6F68TOR4DIZ}, platformVersion=9, webStorageEnabled=false, automationName=Appium, takesScreenshot=true, javascriptEnabled=true, platformName=Android, deviceApiLevel=28, deviceManufacturer=vivo, deviceScreenSize=720x1544, networkConnectionEnabled=true, warnings={}, databaseEnabled=false, appActivity=.SplashActivity, pixelRatio=2, locationContextEnabled=false, deviceScreenDensity=320, deviceModel=vivo 1902}]
Session ID: 9cb7014d-9e0b-4731-809c-dfde8450c4ef
	at org.openqa.selenium.remote.ErrorHandler.createThrowable(ErrorHandler.java:206)
	at org.openqa.selenium.remote.ErrorHandler.throwIfResponseFailed(ErrorHandler.java:158)
	at org.openqa.selenium.remote.RemoteWebDriver.execute(RemoteWebDriver.java:678)
	at io.appium.java_client.DefaultGenericMobileDriver.execute(DefaultGenericMobileDriver.java:40)
	at io.appium.java_client.AppiumDriver.execute(AppiumDriver.java:1)
	at io.appium.java_client.android.AndroidDriver.execute(AndroidDriver.java:1)
	at org.openqa.selenium.remote.RemoteWebElement.execute(RemoteWebElement.java:327)
	at io.appium.java_client.DefaultGenericMobileElement.execute(DefaultGenericMobileElement.java:33)
	at io.appium.java_client.MobileElement.execute(MobileElement.java:1)
	at io.appium.java_client.android.AndroidElement.execute(AndroidElement.java:1)
	at org.openqa.selenium.remote.RemoteWebElement.getText(RemoteWebElement.java:179)
	at com.practice.appium.GeneralStoreAddCartValidt2.addCart2(GeneralStoreAddCartValidt2.java:56)
... Removed 29 stack frames]]>
    </failure>
  </testcase> <!-- addCart2 -->
  <testcase name="addCart2" time="83.017" classname="com.practice.appium.GeneralStoreAddCartValidt2">
    <failure type="java.lang.NullPointerException">
      <![CDATA[java.lang.NullPointerException
	at com.practice.appium.GenericScreenshot.getscreenshot(GenericScreenshot.java:16)
	at com.practice.appium.Listeners.onTestFailure(Listeners.java:60)
... Removed 22 stack frames]]>
    </failure>
  </testcase> <!-- addCart2 -->
</testsuite> <!-- Test -->
